2022-06-17 10:44:38,023 ERROR com.ntt.airline.service.BookingService [http-nio-8080-exec-3] An exception has occurred while creating the booking... Cannot invoke "com.ntt.airline.dto.BookingDto.getUser()" because "bookingDto" is null
2022-06-17 10:44:38,069 ERROR com.ntt.airline.controller.BookingController [http-nio-8080-exec-3] An exception occurred:: An exception has occurred while creating the booking... Cannot invoke "com.ntt.airline.dto.BookingDto.getUser()" because "bookingDto" is null
2022-06-17 10:46:17,637 ERROR com.ntt.airline.service.BookingService [http-nio-8080-exec-3] An exception has occurred while creating the booking... Passenger status is invalid...
2022-06-17 10:46:17,660 ERROR com.ntt.airline.controller.BookingController [http-nio-8080-exec-3] An exception occurred:: An exception has occurred while creating the booking... Passenger status is invalid...
2022-06-17 10:46:43,597 ERROR com.ntt.airline.service.BookingService [http-nio-8080-exec-7] An exception has occurred while creating the booking... Passenger name is invalid...
2022-06-17 10:46:43,599 ERROR com.ntt.airline.controller.BookingController [http-nio-8080-exec-7] An exception occurred:: An exception has occurred while creating the booking... Passenger name is invalid...
2022-06-17 10:46:52,510 ERROR com.ntt.airline.service.BookingService [http-nio-8080-exec-8] An exception has occurred while creating the booking... Booking status is invalid...
2022-06-17 10:46:52,518 ERROR com.ntt.airline.controller.BookingController [http-nio-8080-exec-8] An exception occurred:: An exception has occurred while creating the booking... Booking status is invalid...
2022-06-17 10:47:05,173 ERROR com.ntt.airline.service.BookingService [http-nio-8080-exec-9] An exception has occurred while creating the booking... User id is invalid...
2022-06-17 10:47:05,177 ERROR com.ntt.airline.controller.BookingController [http-nio-8080-exec-9] An exception occurred:: An exception has occurred while creating the booking... User id is invalid...
2022-06-17 11:02:02,057 ERROR com.ntt.airline.service.PassengerService [http-nio-8080-exec-3] An exception has occurred while cancelling the passengers... Passenger ticket number is invalid...
2022-06-17 11:02:02,074 ERROR com.ntt.airline.controller.PassengerController [http-nio-8080-exec-3] An exception occurred:: An exception has occurred while cancelling the passengers... Passenger ticket number is invalid...
2022-06-17 11:02:17,189 ERROR com.ntt.airline.service.PassengerService [http-nio-8080-exec-5] An exception has occurred while cancelling the passengers... Passenger ticket number is invalid...
2022-06-17 11:02:17,193 ERROR com.ntt.airline.controller.PassengerController [http-nio-8080-exec-5] An exception occurred:: An exception has occurred while cancelling the passengers... Passenger ticket number is invalid...
2022-06-17 11:02:21,112 ERROR com.ntt.airline.service.PassengerService [http-nio-8080-exec-6] An exception has occurred while cancelling the passengers... Passenger ticket number is invalid...
2022-06-17 11:02:21,116 ERROR com.ntt.airline.controller.PassengerController [http-nio-8080-exec-6] An exception occurred:: An exception has occurred while cancelling the passengers... Passenger ticket number is invalid...
2022-06-17 11:02:28,892 ERROR com.ntt.airline.service.PassengerService [http-nio-8080-exec-7] An exception has occurred while cancelling the passengers... Booking reference id is invalid...
2022-06-17 11:02:28,896 ERROR com.ntt.airline.controller.PassengerController [http-nio-8080-exec-7] An exception occurred:: An exception has occurred while cancelling the passengers... Booking reference id is invalid...
2022-06-17 11:02:33,561 ERROR com.ntt.airline.service.PassengerService [http-nio-8080-exec-8] An exception has occurred while cancelling the passengers... Booking reference id is invalid...
2022-06-17 11:02:33,564 ERROR com.ntt.airline.controller.PassengerController [http-nio-8080-exec-8] An exception occurred:: An exception has occurred while cancelling the passengers... Booking reference id is invalid...
