2022-06-16 18:34:55,754 ERROR com.ntt.airline.service.BookingService [http-nio-8080-exec-5] User id is missing...
2022-06-16 18:34:55,781 ERROR com.ntt.airline.service.BookingService [http-nio-8080-exec-5] An exception has occurred while getting bookings for the user... User id is missing...
2022-06-16 18:34:55,785 ERROR com.ntt.airline.controller.BookingController [http-nio-8080-exec-5] An exception occurred:: An exception has occurred while getting bookings for the user... User id is missing...
2022-06-16 18:59:50,151 ERROR com.ntt.airline.service.BookingService [http-nio-8080-exec-3] Booking reference id is missing...
2022-06-16 18:59:50,152 ERROR com.ntt.airline.service.BookingService [http-nio-8080-exec-3] An exception occurred:: Booking reference id is missing...
2022-06-16 18:59:50,162 ERROR com.ntt.airline.controller.BookingController [http-nio-8080-exec-3] An exception occurred:: An exception occurred:: Booking reference id is missing...
2022-06-16 18:59:57,442 ERROR com.ntt.airline.service.BookingService [http-nio-8080-exec-4] Booked seats is missing...
2022-06-16 18:59:57,442 ERROR com.ntt.airline.service.BookingService [http-nio-8080-exec-4] An exception occurred:: Booked seats is missing...
2022-06-16 18:59:57,443 ERROR com.ntt.airline.controller.BookingController [http-nio-8080-exec-4] An exception occurred:: An exception occurred:: Booked seats is missing...
2022-06-16 19:00:02,626 ERROR com.ntt.airline.service.BookingService [http-nio-8080-exec-5] Booking reference id is missing...
2022-06-16 19:00:02,626 ERROR com.ntt.airline.service.BookingService [http-nio-8080-exec-5] An exception occurred:: Booking reference id is missing...
2022-06-16 19:00:02,627 ERROR com.ntt.airline.controller.BookingController [http-nio-8080-exec-5] An exception occurred:: An exception occurred:: Booking reference id is missing...
2022-06-16 19:00:07,695 ERROR com.ntt.airline.service.BookingService [http-nio-8080-exec-7] Booked seats is missing...
2022-06-16 19:00:07,695 ERROR com.ntt.airline.service.BookingService [http-nio-8080-exec-7] An exception occurred:: Booked seats is missing...
2022-06-16 19:00:07,696 ERROR com.ntt.airline.controller.BookingController [http-nio-8080-exec-7] An exception occurred:: An exception occurred:: Booked seats is missing...
2022-06-16 19:10:54,521 ERROR com.ntt.airline.service.BookingService [http-nio-8080-exec-4] Booking reference id is missing...
2022-06-16 19:10:54,525 ERROR com.ntt.airline.controller.BookingController [http-nio-8080-exec-4] An exception occurred:: Booking reference id is missing...
2022-06-16 19:10:59,262 ERROR com.ntt.airline.service.BookingService [http-nio-8080-exec-5] Booking reference id is missing...
2022-06-16 19:10:59,263 ERROR com.ntt.airline.controller.BookingController [http-nio-8080-exec-5] An exception occurred:: Booking reference id is missing...
2022-06-16 19:13:06,101 ERROR com.ntt.airline.service.PassengerService [http-nio-8080-exec-5] Booking reference id is missing...
2022-06-16 19:13:06,102 ERROR com.ntt.airline.service.PassengerService [http-nio-8080-exec-5] An exception occurred while getting the passenger details.Booking reference id is missing...
2022-06-16 19:13:06,105 ERROR com.ntt.airline.controller.PassengerController [http-nio-8080-exec-5] An exception occurred:: An exception occurred while getting the passenger details.Booking reference id is missing...
2022-06-16 19:13:20,971 ERROR com.ntt.airline.service.PassengerService [http-nio-8080-exec-6] Booking reference id is missing...
2022-06-16 19:13:20,971 ERROR com.ntt.airline.service.PassengerService [http-nio-8080-exec-6] An exception occurred while getting the passenger details.Booking reference id is missing...
2022-06-16 19:13:20,972 ERROR com.ntt.airline.controller.PassengerController [http-nio-8080-exec-6] An exception occurred:: An exception occurred while getting the passenger details.Booking reference id is missing...
