2022-06-16 12:11:29,768 ERROR com.ntt.airline.service.FlightAvailService [http-nio-8080-exec-7] There are no flights between the given cities
2022-06-16 12:11:29,792 ERROR com.ntt.airline.service.FlightAvailService [http-nio-8080-exec-7] An exception has occurred:: There are no flights between the given cities
2022-06-16 12:11:29,796 ERROR com.ntt.airline.controller.FlightAvailController [http-nio-8080-exec-7] An exception occurred:: An exception has occurred:: There are no flights between the given cities
2022-06-16 12:17:18,377 ERROR com.ntt.airline.service.FlightAvailService [http-nio-8080-exec-3] There are no flights between the given cities
2022-06-16 12:17:18,380 ERROR com.ntt.airline.service.FlightAvailService [http-nio-8080-exec-3] An exception has occurred:: There are no flights between the given cities
2022-06-16 12:17:18,392 ERROR com.ntt.airline.controller.FlightAvailController [http-nio-8080-exec-3] An exception occurred:: An exception has occurred:: There are no flights between the given cities
2022-06-16 12:19:54,574 ERROR com.ntt.airline.service.FlightAvailService [http-nio-8080-exec-3] There are no flights between the given cities
2022-06-16 12:19:54,576 ERROR com.ntt.airline.service.FlightAvailService [http-nio-8080-exec-3] An exception has occurred:: There are no flights between the given cities
2022-06-16 12:19:54,591 ERROR com.ntt.airline.controller.FlightAvailController [http-nio-8080-exec-3] An exception occurred:: An exception has occurred:: There are no flights between the given cities
2022-06-16 12:20:57,462 ERROR com.ntt.airline.service.FlightAvailService [http-nio-8080-exec-3] There are no flights between the given cities
2022-06-16 12:20:57,464 ERROR com.ntt.airline.service.FlightAvailService [http-nio-8080-exec-3] An exception has occurred:: There are no flights between the given cities
2022-06-16 12:20:57,477 ERROR com.ntt.airline.controller.FlightAvailController [http-nio-8080-exec-3] An exception occurred:: An exception has occurred:: There are no flights between the given cities
2022-06-16 14:28:05,557 ERROR com.ntt.airline.service.UserService [http-nio-8080-exec-5] User Not Found for given userId and password
2022-06-16 14:28:05,558 ERROR com.ntt.airline.service.UserService [http-nio-8080-exec-5] An exception has occurred while validating the user credentials... User Not Found for given userId and password
2022-06-16 14:28:05,560 ERROR com.ntt.airline.controller.UserController [http-nio-8080-exec-5] An exception occurred:: An exception has occurred while validating the user credentials... User Not Found for given userId and password
2022-06-16 14:54:10,522 ERROR com.ntt.airline.service.UserService [http-nio-8080-exec-4] User id is missing...
2022-06-16 14:54:10,523 ERROR com.ntt.airline.service.UserService [http-nio-8080-exec-4] An exception has occurred while validating the user credentials... User id is missing...
2022-06-16 14:54:10,526 ERROR com.ntt.airline.controller.UserController [http-nio-8080-exec-4] An exception occurred:: An exception has occurred while validating the user credentials... User id is missing...
2022-06-16 14:54:21,403 ERROR com.ntt.airline.service.UserService [http-nio-8080-exec-5] User id is missing...
2022-06-16 14:54:21,403 ERROR com.ntt.airline.service.UserService [http-nio-8080-exec-5] An exception has occurred while validating the user credentials... User id is missing...
2022-06-16 14:54:21,404 ERROR com.ntt.airline.controller.UserController [http-nio-8080-exec-5] An exception occurred:: An exception has occurred while validating the user credentials... User id is missing...
2022-06-16 14:54:24,551 ERROR com.ntt.airline.service.UserService [http-nio-8080-exec-7] Password is missing...
2022-06-16 14:54:24,551 ERROR com.ntt.airline.service.UserService [http-nio-8080-exec-7] An exception has occurred while validating the user credentials... Password is missing...
2022-06-16 14:54:24,554 ERROR com.ntt.airline.controller.UserController [http-nio-8080-exec-7] An exception occurred:: An exception has occurred while validating the user credentials... Password is missing...
2022-06-16 14:54:33,536 ERROR com.ntt.airline.service.UserService [http-nio-8080-exec-8] User id is missing...
2022-06-16 14:54:33,537 ERROR com.ntt.airline.service.UserService [http-nio-8080-exec-8] An exception has occurred while validating the user credentials... User id is missing...
2022-06-16 14:54:33,539 ERROR com.ntt.airline.controller.UserController [http-nio-8080-exec-8] An exception occurred:: An exception has occurred while validating the user credentials... User id is missing...
2022-06-16 14:54:40,711 ERROR com.ntt.airline.service.UserService [http-nio-8080-exec-9] Password is missing...
2022-06-16 14:54:40,711 ERROR com.ntt.airline.service.UserService [http-nio-8080-exec-9] An exception has occurred while validating the user credentials... Password is missing...
2022-06-16 14:54:40,712 ERROR com.ntt.airline.controller.UserController [http-nio-8080-exec-9] An exception occurred:: An exception has occurred while validating the user credentials... Password is missing...
