2022-06-16 14:55:56,517 ERROR com.ntt.airline.service.UserService [http-nio-8080-exec-4] User id is missing...
2022-06-16 14:55:56,522 ERROR com.ntt.airline.service.UserService [http-nio-8080-exec-4] An exception has occurred while validating the user credentials... User id is missing...
2022-06-16 14:55:56,526 ERROR com.ntt.airline.controller.UserController [http-nio-8080-exec-4] An exception occurred:: An exception has occurred while validating the user credentials... User id is missing...
2022-06-16 14:56:01,256 ERROR com.ntt.airline.service.UserService [http-nio-8080-exec-5] Password is missing...
2022-06-16 14:56:01,256 ERROR com.ntt.airline.service.UserService [http-nio-8080-exec-5] An exception has occurred while validating the user credentials... Password is missing...
2022-06-16 14:56:01,258 ERROR com.ntt.airline.controller.UserController [http-nio-8080-exec-5] An exception occurred:: An exception has occurred while validating the user credentials... Password is missing...
2022-06-16 17:21:05,978 ERROR com.ntt.airline.service.UserService [http-nio-8080-exec-4] An exception has occurred while registering the user... User name is invalid...
2022-06-16 17:21:05,986 ERROR com.ntt.airline.controller.UserController [http-nio-8080-exec-4] An exception occurred:: An exception has occurred while registering the user... User name is invalid...
2022-06-16 17:21:14,525 ERROR com.ntt.airline.service.UserService [http-nio-8080-exec-5] An exception has occurred while registering the user... Password is invalid...
2022-06-16 17:21:14,526 ERROR com.ntt.airline.controller.UserController [http-nio-8080-exec-5] An exception occurred:: An exception has occurred while registering the user... Password is invalid...
2022-06-16 17:21:22,810 ERROR com.ntt.airline.service.UserService [http-nio-8080-exec-6] An exception has occurred while registering the user... User name is invalid...
2022-06-16 17:21:22,824 ERROR com.ntt.airline.controller.UserController [http-nio-8080-exec-6] An exception occurred:: An exception has occurred while registering the user... User name is invalid...
2022-06-16 17:21:29,925 ERROR com.ntt.airline.service.UserService [http-nio-8080-exec-7] An exception has occurred while registering the user... Password is invalid...
2022-06-16 17:21:29,926 ERROR com.ntt.airline.controller.UserController [http-nio-8080-exec-7] An exception occurred:: An exception has occurred while registering the user... Password is invalid...
2022-06-16 17:21:35,273 ERROR com.ntt.airline.service.UserService [http-nio-8080-exec-8] An exception has occurred while registering the user... Credit Card Number is invalid...
2022-06-16 17:21:35,274 ERROR com.ntt.airline.controller.UserController [http-nio-8080-exec-8] An exception occurred:: An exception has occurred while registering the user... Credit Card Number is invalid...
2022-06-16 17:21:41,682 ERROR com.ntt.airline.service.UserService [http-nio-8080-exec-9] An exception has occurred while registering the user... Credit Card Number is invalid...
2022-06-16 17:21:41,683 ERROR com.ntt.airline.controller.UserController [http-nio-8080-exec-9] An exception occurred:: An exception has occurred while registering the user... Credit Card Number is invalid...
2022-06-16 17:21:48,255 ERROR com.ntt.airline.service.UserService [http-nio-8080-exec-10] An exception has occurred while registering the user... Credit Card Type is invalid...
2022-06-16 17:21:48,258 ERROR com.ntt.airline.controller.UserController [http-nio-8080-exec-10] An exception occurred:: An exception has occurred while registering the user... Credit Card Type is invalid...
2022-06-16 17:22:23,506 ERROR com.ntt.airline.service.UserService [http-nio-8080-exec-3] An exception has occurred while registering the user... Credit Card Type is invalid...
2022-06-16 17:22:23,507 ERROR com.ntt.airline.controller.UserController [http-nio-8080-exec-3] An exception occurred:: An exception has occurred while registering the user... Credit Card Type is invalid...
2022-06-16 17:22:28,848 ERROR com.ntt.airline.service.UserService [http-nio-8080-exec-4] An exception has occurred while registering the user... Credit Card Month is invalid...
2022-06-16 17:22:28,849 ERROR com.ntt.airline.controller.UserController [http-nio-8080-exec-4] An exception occurred:: An exception has occurred while registering the user... Credit Card Month is invalid...
2022-06-16 17:22:32,694 ERROR com.ntt.airline.service.UserService [http-nio-8080-exec-5] An exception has occurred while registering the user... Credit Card Month is invalid...
2022-06-16 17:22:32,696 ERROR com.ntt.airline.controller.UserController [http-nio-8080-exec-5] An exception occurred:: An exception has occurred while registering the user... Credit Card Month is invalid...
2022-06-16 17:22:40,908 ERROR com.ntt.airline.service.UserService [http-nio-8080-exec-6] An exception has occurred while registering the user... Credit Card Year is invalid...
2022-06-16 17:22:40,909 ERROR com.ntt.airline.controller.UserController [http-nio-8080-exec-6] An exception occurred:: An exception has occurred while registering the user... Credit Card Year is invalid...
