2022-06-16 17:22:47,959 ERROR com.ntt.airline.service.UserService [http-nio-8080-exec-7] An exception has occurred while registering the user... Age is invalid...
2022-06-16 17:22:47,977 ERROR com.ntt.airline.controller.UserController [http-nio-8080-exec-7] An exception occurred:: An exception has occurred while registering the user... Age is invalid...
2022-06-16 17:22:53,579 ERROR com.ntt.airline.service.UserService [http-nio-8080-exec-8] An exception has occurred while registering the user... Age is invalid...
2022-06-16 17:22:53,580 ERROR com.ntt.airline.controller.UserController [http-nio-8080-exec-8] An exception occurred:: An exception has occurred while registering the user... Age is invalid...
2022-06-16 17:25:33,834 ERROR com.ntt.airline.service.UserService [http-nio-8080-exec-4] An exception has occurred while registering the user... Cannot invoke "java.lang.Character.charValue()" because "creditCardType" is null
2022-06-16 17:25:33,841 ERROR com.ntt.airline.controller.UserController [http-nio-8080-exec-4] An exception occurred:: An exception has occurred while registering the user... Cannot invoke "java.lang.Character.charValue()" because "creditCardType" is null
2022-06-16 17:27:45,006 ERROR com.ntt.airline.service.UserService [http-nio-8080-exec-3] An exception has occurred while registering the user... Cannot invoke "java.lang.Character.charValue()" because "creditCardType" is null
2022-06-16 17:27:45,011 ERROR com.ntt.airline.controller.UserController [http-nio-8080-exec-3] An exception occurred:: An exception has occurred while registering the user... Cannot invoke "java.lang.Character.charValue()" because "creditCardType" is null
2022-06-16 17:28:49,886 ERROR com.ntt.airline.service.UserService [http-nio-8080-exec-3] An exception has occurred while registering the user... Cannot invoke "java.lang.Character.charValue()" because "creditCardType" is null
2022-06-16 17:28:49,891 ERROR com.ntt.airline.controller.UserController [http-nio-8080-exec-3] An exception occurred:: An exception has occurred while registering the user... Cannot invoke "java.lang.Character.charValue()" because "creditCardType" is null
2022-06-16 17:29:51,581 ERROR com.ntt.airline.service.UserService [http-nio-8080-exec-10] An exception has occurred while registering the user... Cannot invoke "java.lang.Character.charValue()" because "creditCardType" is null
2022-06-16 17:29:51,585 ERROR com.ntt.airline.controller.UserController [http-nio-8080-exec-10] An exception occurred:: An exception has occurred while registering the user... Cannot invoke "java.lang.Character.charValue()" because "creditCardType" is null
2022-06-16 17:31:23,137 ERROR com.ntt.airline.service.UserService [http-nio-8080-exec-3] An exception has occurred while registering the user... Cannot invoke "java.lang.Character.charValue()" because "creditCardType" is null
2022-06-16 17:31:23,142 ERROR com.ntt.airline.controller.UserController [http-nio-8080-exec-3] An exception occurred:: An exception has occurred while registering the user... Cannot invoke "java.lang.Character.charValue()" because "creditCardType" is null
2022-06-16 17:36:06,269 ERROR com.ntt.airline.service.UserService [http-nio-8080-exec-3] An exception has occurred while registering the user... Cannot invoke "java.lang.Character.charValue()" because "creditCardType" is null
2022-06-16 17:36:06,274 ERROR com.ntt.airline.controller.UserController [http-nio-8080-exec-3] An exception occurred:: An exception has occurred while registering the user... Cannot invoke "java.lang.Character.charValue()" because "creditCardType" is null
2022-06-16 17:40:27,261 ERROR com.ntt.airline.service.UserService [http-nio-8080-exec-3] An exception has occurred while registering the user... Credit Card Type is null...
2022-06-16 17:40:27,266 ERROR com.ntt.airline.controller.UserController [http-nio-8080-exec-3] An exception occurred:: An exception has occurred while registering the user... Credit Card Type is null...
2022-06-16 17:41:10,937 ERROR com.ntt.airline.service.UserService [http-nio-8080-exec-3] An exception has occurred while registering the user... Credit Card Type is null...
2022-06-16 17:41:10,942 ERROR com.ntt.airline.controller.UserController [http-nio-8080-exec-3] An exception occurred:: An exception has occurred while registering the user... Credit Card Type is null...
2022-06-16 17:41:13,948 ERROR com.ntt.airline.service.UserService [http-nio-8080-exec-4] An exception has occurred while registering the user... Credit Card Type is invalid...
2022-06-16 17:41:13,950 ERROR com.ntt.airline.controller.UserController [http-nio-8080-exec-4] An exception occurred:: An exception has occurred while registering the user... Credit Card Type is invalid...
2022-06-16 18:34:49,258 ERROR com.ntt.airline.service.BookingService [http-nio-8080-exec-4] User id is missing...
2022-06-16 18:34:49,260 ERROR com.ntt.airline.service.BookingService [http-nio-8080-exec-4] An exception has occurred while getting bookings for the user... User id is missing...
2022-06-16 18:34:49,269 ERROR com.ntt.airline.controller.BookingController [http-nio-8080-exec-4] An exception occurred:: An exception has occurred while getting bookings for the user... User id is missing...
